This is pdfTeX, Version 3.141592653-2.6-1.40.27 (TeX Live 2025) (preloaded format=pdflatex 2025.8.28)  26 SEP 2025 10:32
entering extended mode
 \write18 enabled.
 %&-line parsing enabled.
**content/kactl.tex
(./content/kactl.tex
LaTeX2e <2024-11-01> patch level 2
L3 programming layer <2025-01-18>
(/usr/local/texlive/2025/texmf-dist/tex/latex/extsizes/extreport.cls
Document Class: extreport 1996/10/08 v1.0 Non Standard LaTeX document class
(/usr/local/texlive/2025/texmf-dist/tex/latex/extsizes/size9.clo
File: size9.clo 1999/11/11 v1.4a NON-Standard LaTeX file (size option)
) (/usr/local/texlive/2025/texmf-dist/tex/latex/base/exscale.sty
Package: exscale 2018/09/24 v2.1i Standard LaTeX package exscale
LaTeX Font Info:    Redeclaring symbol font `largesymbols' on input line 57.
LaTeX Font Info:    Overwriting symbol font `largesymbols' in version `normal'
(Font)                  OMX/cmex/m/n --> OMX/cmex/m/n on input line 57.
LaTeX Font Info:    Overwriting symbol font `largesymbols' in version `bold'
(Font)                  OMX/cmex/m/n --> OMX/cmex/m/n on input line 57.
\big@size=\dimen141
)
\c@part=\count196
\c@chapter=\count197
\c@section=\count198
\c@subsection=\count199
\c@subsubsection=\count266
\c@paragraph=\count267
\c@subparagraph=\count268
\c@figure=\count269
\c@table=\count270
\abovecaptionskip=\skip49
\belowcaptionskip=\skip50
\bibindent=\dimen142
) (content/tex/kactlpkg.sty
Package: kactlpkg 
 (/usr/local/texlive/2025/texmf-dist/tex/latex/base/inputenc.sty
Package: inputenc 2024/02/08 v1.3d Input encoding file
\inpenc@prehook=\toks17
\inpenc@posthook=\toks18
) (/usr/local/texlive/2025/texmf-dist/tex/latex/listings/listings.sty (/usr/local/texlive/2025/texmf-dist/tex/latex/graphics/keyval.sty
Package: keyval 2022/05/29 v1.15 key=value parser (DPC)
\KV@toks@=\toks19
)
\lst@mode=\count271
\lst@gtempboxa=\box52
\lst@token=\toks20
\lst@length=\count272
\lst@currlwidth=\dimen143
\lst@column=\count273
\lst@pos=\count274
\lst@lostspace=\dimen144
\lst@width=\dimen145
\lst@newlines=\count275
\lst@lineno=\count276
\lst@maxwidth=\dimen146
 (/usr/local/texlive/2025/texmf-dist/tex/latex/listings/lstpatch.sty
File: lstpatch.sty 2024/09/23 1.10c (Carsten Heinz)
) (/usr/local/texlive/2025/texmf-dist/tex/latex/listings/lstmisc.sty
File: lstmisc.sty 2024/09/23 1.10c (Carsten Heinz)
\c@lstnumber=\count277
\lst@skipnumbers=\count278
\lst@framebox=\box53
) (/usr/local/texlive/2025/texmf-dist/tex/latex/listings/listings.cfg
File: listings.cfg 2024/09/23 1.10c listings configuration
))
Package: listings 2024/09/23 1.10c (Carsten Heinz)
 (/usr/local/texlive/2025/texmf-dist/tex/latex/framed/framed.sty
Package: framed 2011/10/22 v 0.96: framed or shaded text with page breaks
\OuterFrameSep=\skip51
\fb@frw=\dimen147
\fb@frh=\dimen148
\FrameRule=\dimen149
\FrameSep=\dimen150
) (/usr/local/texlive/2025/texmf-dist/tex/latex/geometry/geometry.sty
Package: geometry 2020/01/02 v5.9 Page Geometry
 (/usr/local/texlive/2025/texmf-dist/tex/generic/iftex/ifvtex.sty
Package: ifvtex 2019/10/25 v1.7 ifvtex legacy package. Use iftex instead.
 (/usr/local/texlive/2025/texmf-dist/tex/generic/iftex/iftex.sty
Package: iftex 2024/12/12 v1.0g TeX engine tests
))
\Gm@cnth=\count279
\Gm@cntv=\count280
\c@Gm@tempcnt=\count281
\Gm@bindingoffset=\dimen151
\Gm@wd@mp=\dimen152
\Gm@odd@mp=\dimen153
\Gm@even@mp=\dimen154
\Gm@layoutwidth=\dimen155
\Gm@layoutheight=\dimen156
\Gm@layouthoffset=\dimen157
\Gm@layoutvoffset=\dimen158
\Gm@dimlist=\toks21
) (/usr/local/texlive/2025/texmf-dist/tex/latex/tools/multicol.sty
Package: multicol 2024/09/14 v1.9i multicolumn formatting (FMi)
\c@tracingmulticols=\count282
\mult@box=\box54
\multicol@leftmargin=\dimen159
\c@unbalance=\count283
\c@collectmore=\count284
\doublecol@number=\count285
\multicoltolerance=\count286
\multicolpretolerance=\count287
\full@width=\dimen160
\page@free=\dimen161
\premulticols=\dimen162
\postmulticols=\dimen163
\multicolsep=\skip52
\multicolbaselineskip=\skip53
\partial@page=\box55
\last@line=\box56
\mc@boxedresult=\box57
\maxbalancingoverflow=\dimen164
\mult@rightbox=\box58
\mult@grightbox=\box59
\mult@firstbox=\box60
\mult@gfirstbox=\box61
\@tempa=\box62
\@tempa=\box63
\@tempa=\box64
\@tempa=\box65
\@tempa=\box66
\@tempa=\box67
\@tempa=\box68
\@tempa=\box69
\@tempa=\box70
\@tempa=\box71
\@tempa=\box72
\@tempa=\box73
\@tempa=\box74
\@tempa=\box75
\@tempa=\box76
\@tempa=\box77
\@tempa=\box78
\@tempa=\box79
\@tempa=\box80
\@tempa=\box81
\@tempa=\box82
\@tempa=\box83
\@tempa=\box84
\@tempa=\box85
\@tempa=\box86
\@tempa=\box87
\@tempa=\box88
\@tempa=\box89
\@tempa=\box90
\@tempa=\box91
\@tempa=\box92
\@tempa=\box93
\@tempa=\box94
\@tempa=\box95
\@tempa=\box96
\@tempa=\box97
\c@minrows=\count288
\c@columnbadness=\count289
\c@finalcolumnbadness=\count290
\last@try=\dimen165
\multicolovershoot=\dimen166
\multicolundershoot=\dimen167
\mult@nat@firstbox=\box98
\colbreak@box=\box99
\mc@col@check@num=\count291
) (/usr/local/texlive/2025/texmf-dist/tex/latex/fancyhdr/fancyhdr.sty
Package: fancyhdr 2025/02/07 v5.2 Extensive control of page headers and footers
\f@nch@headwidth=\skip54
\f@nch@offset@elh=\skip55
\f@nch@offset@erh=\skip56
\f@nch@offset@olh=\skip57
\f@nch@offset@orh=\skip58
\f@nch@offset@elf=\skip59
\f@nch@offset@erf=\skip60
\f@nch@offset@olf=\skip61
\f@nch@offset@orf=\skip62
\f@nch@height=\skip63
\f@nch@footalignment=\skip64
\f@nch@widthL=\skip65
\f@nch@widthC=\skip66
\f@nch@widthR=\skip67
\@temptokenb=\toks22
) (/usr/local/texlive/2025/texmf-dist/tex/latex/amsmath/amsbsy.sty
Package: amsbsy 1999/11/29 v1.2d Bold Symbols
 (/usr/local/texlive/2025/texmf-dist/tex/latex/amsmath/amsgen.sty
File: amsgen.sty 1999/11/30 v2.0 generic functions
\@emptytoks=\toks23
\ex@=\dimen168
)
\pmbraise@=\dimen169
) (/usr/local/texlive/2025/texmf-dist/tex/latex/amsfonts/amssymb.sty
Package: amssymb 2013/01/14 v3.01 AMS font symbols
 (/usr/local/texlive/2025/texmf-dist/tex/latex/amsfonts/amsfonts.sty
Package: amsfonts 2013/01/14 v3.01 Basic AMSFonts support
\symAMSa=\mathgroup4
\symAMSb=\mathgroup5
LaTeX Font Info:    Redeclaring math symbol \hbar on input line 98.
LaTeX Font Info:    Overwriting math alphabet `\mathfrak' in version `bold'
(Font)                  U/euf/m/n --> U/euf/b/n on input line 106.
)) (/usr/local/texlive/2025/texmf-dist/tex/latex/amsmath/amsmath.sty
Package: amsmath 2024/11/05 v2.17t AMS math features
\@mathmargin=\skip68

For additional information on amsmath, use the `?' option.
(/usr/local/texlive/2025/texmf-dist/tex/latex/amsmath/amstext.sty
Package: amstext 2021/08/26 v2.01 AMS text
) (/usr/local/texlive/2025/texmf-dist/tex/latex/amsmath/amsopn.sty
Package: amsopn 2022/04/08 v2.04 operator names
)
\inf@bad=\count292
LaTeX Info: Redefining \frac on input line 233.
\uproot@=\count293
\leftroot@=\count294
LaTeX Info: Redefining \overline on input line 398.
LaTeX Info: Redefining \colon on input line 409.
\classnum@=\count295
\DOTSCASE@=\count296
LaTeX Info: Redefining \ldots on input line 495.
LaTeX Info: Redefining \dots on input line 498.
LaTeX Info: Redefining \cdots on input line 619.
\Mathstrutbox@=\box100
\strutbox@=\box101
LaTeX Info: Redefining \big on input line 721.
LaTeX Info: Redefining \Big on input line 722.
LaTeX Info: Redefining \bigg on input line 723.
LaTeX Info: Redefining \Bigg on input line 724.
\big@size=\dimen170
LaTeX Font Info:    Redeclaring font encoding OML on input line 742.
LaTeX Font Info:    Redeclaring font encoding OMS on input line 743.
\macc@depth=\count297
LaTeX Info: Redefining \bmod on input line 904.
LaTeX Info: Redefining \pmod on input line 909.
LaTeX Info: Redefining \smash on input line 939.
LaTeX Info: Redefining \relbar on input line 969.
LaTeX Info: Redefining \Relbar on input line 970.
\c@MaxMatrixCols=\count298
\dotsspace@=\muskip17
\c@parentequation=\count299
\dspbrk@lvl=\count300
\tag@help=\toks24
\row@=\count301
\column@=\count302
\maxfields@=\count303
\andhelp@=\toks25
\eqnshift@=\dimen171
\alignsep@=\dimen172
\tagshift@=\dimen173
\tagwidth@=\dimen174
\totwidth@=\dimen175
\lineht@=\dimen176
\@envbody=\toks26
\multlinegap=\skip69
\multlinetaggap=\skip70
\mathdisplay@stack=\toks27
LaTeX Info: Redefining \[ on input line 2953.
LaTeX Info: Redefining \] on input line 2954.
) (/usr/local/texlive/2025/texmf-dist/tex/latex/tocloft/tocloft.sty
Package: tocloft 2017/08/31 v2.3i parameterised ToC, etc., typesetting
Package tocloft Info: The document has chapter divisions on input line 51.
\cftparskip=\skip71
\cftbeforetoctitleskip=\skip72
\cftaftertoctitleskip=\skip73
\cftbeforepartskip=\skip74
\cftpartnumwidth=\skip75
\cftpartindent=\skip76
\cftbeforechapskip=\skip77
\cftchapindent=\skip78
\cftchapnumwidth=\skip79
\cftbeforesecskip=\skip80
\cftsecindent=\skip81
\cftsecnumwidth=\skip82
\cftbeforesubsecskip=\skip83
\cftsubsecindent=\skip84
\cftsubsecnumwidth=\skip85
\cftbeforesubsubsecskip=\skip86
\cftsubsubsecindent=\skip87
\cftsubsubsecnumwidth=\skip88
\cftbeforeparaskip=\skip89
\cftparaindent=\skip90
\cftparanumwidth=\skip91
\cftbeforesubparaskip=\skip92
\cftsubparaindent=\skip93
\cftsubparanumwidth=\skip94
\cftbeforeloftitleskip=\skip95
\cftafterloftitleskip=\skip96
\cftbeforefigskip=\skip97
\cftfigindent=\skip98
\cftfignumwidth=\skip99
\c@lofdepth=\count304
\c@lotdepth=\count305
\cftbeforelottitleskip=\skip100
\cftafterlottitleskip=\skip101
\cftbeforetabskip=\skip102
\cfttabindent=\skip103
\cfttabnumwidth=\skip104
) (/usr/local/texlive/2025/texmf-dist/tex/latex/titlesec/titletoc.sty
Package: titletoc 2025/01/04 v2.17 TOC entries
\ttl@leftsep=\dimen177
) (/usr/local/texlive/2025/texmf-dist/tex/latex/base/ifthen.sty
Package: ifthen 2024/03/16 v1.1e Standard LaTeX ifthen package (DPC)
) (/usr/local/texlive/2025/texmf-dist/tex/latex/psnfss/courier.sty
Package: courier 2020/03/25 PSNFSS-v9.3 (WaS) 
) (/usr/local/texlive/2025/texmf-dist/tex/latex/graphics/graphicx.sty
Package: graphicx 2021/09/16 v1.2d Enhanced LaTeX Graphics (DPC,SPQR)
 (/usr/local/texlive/2025/texmf-dist/tex/latex/graphics/graphics.sty
Package: graphics 2024/08/06 v1.4g Standard LaTeX Graphics (DPC,SPQR)
 (/usr/local/texlive/2025/texmf-dist/tex/latex/graphics/trig.sty
Package: trig 2023/12/02 v1.11 sin cos tan (DPC)
) (/usr/local/texlive/2025/texmf-dist/tex/latex/graphics-cfg/graphics.cfg
File: graphics.cfg 2016/06/04 v1.11 sample graphics configuration
)
Package graphics Info: Driver file: pdftex.def on input line 106.
 (/usr/local/texlive/2025/texmf-dist/tex/latex/graphics-def/pdftex.def
File: pdftex.def 2024/04/13 v1.2c Graphics/color driver for pdftex
))
\Gin@req@height=\dimen178
\Gin@req@width=\dimen179
) (/usr/local/texlive/2025/texmf-dist/tex/latex/base/fix-cm.sty
Package: fix-cm 2020/11/24 v1.1t fixes to LaTeX
 (/usr/local/texlive/2025/texmf-dist/tex/latex/base/ts1enc.def
File: ts1enc.def 2001/06/05 v3.0e (jk/car/fm) Standard LaTeX file
LaTeX Font Info:    Redeclaring font encoding TS1 on input line 47.
)) (/usr/local/texlive/2025/texmf-dist/tex/latex/paralist/paralist.sty
Package: paralist 2017/01/22 v2.7 Extended list environments
\pltopsep=\skip105
\plpartopsep=\skip106
\plitemsep=\skip107
\plparsep=\skip108
\pl@lab=\toks28
) (/usr/local/texlive/2025/texmf-dist/tex/latex/enumitem/enumitem.sty
Package: enumitem 2025/02/06 v3.11 Customized lists
\labelindent=\skip109
\enit@outerparindent=\dimen180
\enit@toks=\toks29
\enit@inbox=\box102
\enit@count@id=\count306
\enitdp@description=\count307
) (/usr/local/texlive/2025/texmf-dist/tex/latex/parskip/parskip.sty
Package: parskip 2021-03-14 v2.0h non-zero parskip adjustments
 (/usr/local/texlive/2025/texmf-dist/tex/latex/kvoptions/kvoptions.sty
Package: kvoptions 2022-06-15 v3.15 Key value format for package options (HO)
 (/usr/local/texlive/2025/texmf-dist/tex/generic/ltxcmds/ltxcmds.sty
Package: ltxcmds 2023-12-04 v1.26 LaTeX kernel commands for general use (HO)
) (/usr/local/texlive/2025/texmf-dist/tex/latex/kvsetkeys/kvsetkeys.sty
Package: kvsetkeys 2022-10-05 v1.19 Key value parser (HO)
)) (/usr/local/texlive/2025/texmf-dist/tex/latex/etoolbox/etoolbox.sty
Package: etoolbox 2025/02/11 v2.5l e-TeX tools for LaTeX (JAW)
\etb@tempcnta=\count308
)) (/usr/local/texlive/2025/texmf-dist/tex/latex/xcolor/xcolor.sty
Package: xcolor 2024/09/29 v3.02 LaTeX color extensions (UK)
 (/usr/local/texlive/2025/texmf-dist/tex/latex/graphics-cfg/color.cfg
File: color.cfg 2016/01/02 v1.6 sample color configuration
)
Package xcolor Info: Driver file: pdftex.def on input line 274.
 (/usr/local/texlive/2025/texmf-dist/tex/latex/graphics/mathcolor.ltx)
Package xcolor Info: Model `cmy' substituted by `cmy0' on input line 1349.
Package xcolor Info: Model `hsb' substituted by `rgb' on input line 1353.
Package xcolor Info: Model `RGB' extended on input line 1365.
Package xcolor Info: Model `HTML' substituted by `rgb' on input line 1367.
Package xcolor Info: Model `Hsb' substituted by `hsb' on input line 1368.
Package xcolor Info: Model `tHsb' substituted by `hsb' on input line 1369.
Package xcolor Info: Model `HSB' substituted by `hsb' on input line 1370.
Package xcolor Info: Model `Gray' substituted by `gray' on input line 1371.
Package xcolor Info: Model `wave' substituted by `hsb' on input line 1372.
) (/usr/local/texlive/2025/texmf-dist/tex/latex/graphics/dvipsnam.def
File: dvipsnam.def 2016/06/17 v3.0m Driver-dependent file (DPC,SPQR)
) (/usr/local/texlive/2025/texmf-dist/tex/generic/ulem/ulem.sty
\UL@box=\box103
\UL@hyphenbox=\box104
\UL@skip=\skip110
\UL@hook=\toks30
\UL@height=\dimen181
\UL@pe=\count309
\UL@pixel=\dimen182
\ULC@box=\box105
Package: ulem 2019/11/18
\ULdepth=\dimen183
) (/usr/local/texlive/2025/texmf-dist/tex/latex/hyperref/hyperref.sty
Package: hyperref 2024-11-05 v7.01l Hypertext links for LaTeX
 (/usr/local/texlive/2025/texmf-dist/tex/generic/kvdefinekeys/kvdefinekeys.sty
Package: kvdefinekeys 2019-12-19 v1.6 Define keys (HO)
) (/usr/local/texlive/2025/texmf-dist/tex/generic/pdfescape/pdfescape.sty
Package: pdfescape 2019/12/09 v1.15 Implements pdfTeX's escape features (HO)
 (/usr/local/texlive/2025/texmf-dist/tex/generic/pdftexcmds/pdftexcmds.sty
Package: pdftexcmds 2020-06-27 v0.33 Utility functions of pdfTeX for LuaTeX (HO)
 (/usr/local/texlive/2025/texmf-dist/tex/generic/infwarerr/infwarerr.sty
Package: infwarerr 2019/12/03 v1.5 Providing info/warning/error messages (HO)
)
Package pdftexcmds Info: \pdf@primitive is available.
Package pdftexcmds Info: \pdf@ifprimitive is available.
Package pdftexcmds Info: \pdfdraftmode found.
)) (/usr/local/texlive/2025/texmf-dist/tex/latex/hycolor/hycolor.sty
Package: hycolor 2020-01-27 v1.10 Color options for hyperref/bookmark (HO)
) (/usr/local/texlive/2025/texmf-dist/tex/latex/hyperref/nameref.sty
Package: nameref 2023-11-26 v2.56 Cross-referencing by name of section
 (/usr/local/texlive/2025/texmf-dist/tex/latex/refcount/refcount.sty
Package: refcount 2019/12/15 v3.6 Data extraction from label references (HO)
) (/usr/local/texlive/2025/texmf-dist/tex/generic/gettitlestring/gettitlestring.sty
Package: gettitlestring 2019/12/15 v1.6 Cleanup title references (HO)
)
\c@section@level=\count310
) (/usr/local/texlive/2025/texmf-dist/tex/generic/stringenc/stringenc.sty
Package: stringenc 2019/11/29 v1.12 Convert strings between diff. encodings (HO)
)
\@linkdim=\dimen184
\Hy@linkcounter=\count311
\Hy@pagecounter=\count312
 (/usr/local/texlive/2025/texmf-dist/tex/latex/hyperref/pd1enc.def
File: pd1enc.def 2024-11-05 v7.01l Hyperref: PDFDocEncoding definition (HO)
Now handling font encoding PD1 ...
... no UTF-8 mapping file for font encoding PD1
) (/usr/local/texlive/2025/texmf-dist/tex/generic/intcalc/intcalc.sty
Package: intcalc 2019/12/15 v1.3 Expandable calculations with integers (HO)
)
\Hy@SavedSpaceFactor=\count313
 (/usr/local/texlive/2025/texmf-dist/tex/latex/hyperref/puenc.def
File: puenc.def 2024-11-05 v7.01l Hyperref: PDF Unicode definition (HO)
Now handling font encoding PU ...
... no UTF-8 mapping file for font encoding PU
)
Package hyperref Info: Hyper figures OFF on input line 4157.
Package hyperref Info: Link nesting OFF on input line 4162.
Package hyperref Info: Hyper index ON on input line 4165.
Package hyperref Info: Plain pages OFF on input line 4172.
Package hyperref Info: Backreferencing OFF on input line 4177.
Package hyperref Info: Implicit mode ON; LaTeX internals redefined.
Package hyperref Info: Bookmarks ON on input line 4424.
\c@Hy@tempcnt=\count314
 (/usr/local/texlive/2025/texmf-dist/tex/latex/url/url.sty
\Urlmuskip=\muskip18
Package: url 2013/09/16  ver 3.4  Verb mode for urls, etc.
)
LaTeX Info: Redefining \url on input line 4763.
\XeTeXLinkMargin=\dimen185
 (/usr/local/texlive/2025/texmf-dist/tex/generic/bitset/bitset.sty
Package: bitset 2019/12/09 v1.3 Handle bit-vector datatype (HO)
 (/usr/local/texlive/2025/texmf-dist/tex/generic/bigintcalc/bigintcalc.sty
Package: bigintcalc 2019/12/15 v1.5 Expandable calculations on big integers (HO)
))
\Fld@menulength=\count315
\Field@Width=\dimen186
\Fld@charsize=\dimen187
Package hyperref Info: Hyper figures OFF on input line 6042.
Package hyperref Info: Link nesting OFF on input line 6047.
Package hyperref Info: Hyper index ON on input line 6050.
Package hyperref Info: backreferencing OFF on input line 6057.
Package hyperref Info: Link coloring OFF on input line 6062.
Package hyperref Info: Link coloring with OCG OFF on input line 6067.
Package hyperref Info: PDF/A mode OFF on input line 6072.
 (/usr/local/texlive/2025/texmf-dist/tex/latex/base/atbegshi-ltx.sty
Package: atbegshi-ltx 2021/01/10 v1.0c Emulation of the original atbegshi
package with kernel methods
)
\Hy@abspage=\count316
\c@Item=\count317
\c@Hfootnote=\count318
)
Package hyperref Info: Driver (autodetected): hpdftex.
 (/usr/local/texlive/2025/texmf-dist/tex/latex/hyperref/hpdftex.def
File: hpdftex.def 2024-11-05 v7.01l Hyperref driver for pdfTeX
 (/usr/local/texlive/2025/texmf-dist/tex/latex/base/atveryend-ltx.sty
Package: atveryend-ltx 2020/08/19 v1.0a Emulation of the original atveryend package
with kernel methods
)
\Fld@listcount=\count319
\c@bookmark@seq@number=\count320
 (/usr/local/texlive/2025/texmf-dist/tex/latex/rerunfilecheck/rerunfilecheck.sty
Package: rerunfilecheck 2022-07-10 v1.10 Rerun checks for auxiliary files (HO)
 (/usr/local/texlive/2025/texmf-dist/tex/generic/uniquecounter/uniquecounter.sty
Package: uniquecounter 2019/12/15 v1.4 Provide unlimited unique counter (HO)
)
Package uniquecounter Info: New unique counter `rerunfilecheck' on input line 285.
)
\Hy@SectionHShift=\skip111
)
\hdrmark=\marks4
 (/usr/local/texlive/2025/texmf-dist/tex/latex/listings/lstlang1.sty
File: lstlang1.sty 2024/09/23 1.10c listings language file
) (/usr/local/texlive/2025/texmf-dist/tex/latex/listings/lstlang1.sty
File: lstlang1.sty 2024/09/23 1.10c listings language file
) (/usr/local/texlive/2025/texmf-dist/tex/latex/listings/lstmisc.sty
File: lstmisc.sty 2024/09/23 1.10c (Carsten Heinz)
)) (/usr/local/texlive/2025/texmf-dist/tex/latex/l3backend/l3backend-pdftex.def
File: l3backend-pdftex.def 2024-05-08 L3 backend support: PDF output (pdfTeX)
\l__color_backend_stack_int=\count321
\l__pdf_internal_box=\box106
) (build//kactl.aux)
\openout1 = `kactl.aux'.

LaTeX Font Info:    Checking defaults for OML/cmm/m/it on input line 11.
LaTeX Font Info:    ... okay on input line 11.
LaTeX Font Info:    Checking defaults for OMS/cmsy/m/n on input line 11.
LaTeX Font Info:    ... okay on input line 11.
LaTeX Font Info:    Checking defaults for OT1/cmr/m/n on input line 11.
LaTeX Font Info:    ... okay on input line 11.
LaTeX Font Info:    Checking defaults for T1/cmr/m/n on input line 11.
LaTeX Font Info:    ... okay on input line 11.
LaTeX Font Info:    Checking defaults for TS1/cmr/m/n on input line 11.
LaTeX Font Info:    ... okay on input line 11.
LaTeX Font Info:    Checking defaults for OMX/cmex/m/n on input line 11.
LaTeX Font Info:    ... okay on input line 11.
LaTeX Font Info:    Checking defaults for U/cmr/m/n on input line 11.
LaTeX Font Info:    ... okay on input line 11.
LaTeX Font Info:    Checking defaults for PD1/pdf/m/n on input line 11.
LaTeX Font Info:    ... okay on input line 11.
LaTeX Font Info:    Checking defaults for PU/pdf/m/n on input line 11.
LaTeX Font Info:    ... okay on input line 11.
\c@lstlisting=\count322

*geometry* driver: auto-detecting
*geometry* detected driver: pdftex
*geometry* verbose mode - [ preamble ] result:
* driver: pdftex
* paper: a4paper
* layout: <same size as paper>
* layoutoffset:(h,v)=(0.0pt,0.0pt)
* modes: landscape 
* h-part:(L,W,R)=(14.22636pt, 816.59412pt, 14.22636pt)
* v-part:(T,H,B)=(28.45274pt, 557.67421pt, 11.38092pt)
* \paperwidth=845.04684pt
* \paperheight=597.50787pt
* \textwidth=816.59412pt
* \textheight=557.67421pt
* \oddsidemargin=-58.04362pt
* \evensidemargin=-58.04362pt
* \topmargin=-80.81725pt
* \headheight=25.0pt
* \headsep=5.0pt
* \topskip=9.0pt
* \footskip=30.0pt
* \marginparwidth=65.0pt
* \marginparsep=10.0pt
* \columnsep=10.0pt
* \skip\footins=8.0pt plus 4.0pt minus 2.0pt
* \hoffset=0.0pt
* \voffset=0.0pt
* \mag=1000
* \@twocolumnfalse
* \@twosidefalse
* \@mparswitchfalse
* \@reversemarginfalse
* (1in=72.27pt=25.4mm, 1cm=28.453pt)

(/usr/local/texlive/2025/texmf-dist/tex/context/base/mkii/supp-pdf.mkii
[Loading MPS to PDF converter (version 2006.09.02).]
\scratchcounter=\count323
\scratchdimen=\dimen188
\scratchbox=\box107
\nofMPsegments=\count324
\nofMParguments=\count325
\everyMPshowfont=\toks31
\MPscratchCnt=\count326
\MPscratchDim=\dimen189
\MPnumerator=\count327
\makeMPintoPDFobject=\count328
\everyMPtoPDFconversion=\toks32
) (/usr/local/texlive/2025/texmf-dist/tex/latex/epstopdf-pkg/epstopdf-base.sty
Package: epstopdf-base 2020-01-24 v2.11 Base part for package epstopdf
Package epstopdf-base Info: Redefining graphics rule for `.eps' on input line 485.
 (/usr/local/texlive/2025/texmf-dist/tex/latex/latexconfig/epstopdf-sys.cfg
File: epstopdf-sys.cfg 2010/07/13 v1.3 Configuration of (r)epstopdf for TeX Live
))
Package hyperref Info: Link coloring OFF on input line 11.
 (build//kactl.out) (build//kactl.out)
\@outlinefile=\write3
\openout3 = `kactl.out'.

runsystem(rm -f build/header.tmp)...executed.

<kth.pdf, id=32, 370.38374pt x 371.3875pt>
File: kth.pdf Graphic file (type pdf)
<use kth.pdf>
Package pdftex.def Info: kth.pdf  used on input line 12.
(pdftex.def)             Requested size: 85.35826pt x 85.58733pt.


[0

{/usr/local/texlive/2025/texmf-var/fonts/map/pdftex/updmap/pdftex.map} <content/tex/kth.pdf>] (build//kactl.toc)
\tf@toc=\write4
\openout4 = `kactl.toc'.

 (./content/contest/chapter.tex
Chapter 1.
LaTeX Font Info:    Trying to load font information for U+msa on input line 1.
(/usr/local/texlive/2025/texmf-dist/tex/latex/amsfonts/umsa.fd
File: umsa.fd 2013/01/14 v3.01 AMS symbols A
)
LaTeX Font Info:    Trying to load font information for U+msb on input line 1.
 (/usr/local/texlive/2025/texmf-dist/tex/latex/amsfonts/umsb.fd
File: umsb.fd 2013/01/14 v3.01 AMS symbols B
)
\c@ttl@toc@chapters=\count329
runsystem(rm -f build/kactl.tmp)...executed.

runsystem(python3 content/tex/preprocessor.py -i "content/contest/template.cpp" -o build/kactl.tmp -l rawcpp)...executed.

 (./build/kactl.tmp
Package hyperref Info: bookmark level for unknown lstlisting defaults to 0 on input line 3.
LaTeX Font Info:    Trying to load font information for OT1+pcr on input line 3.
 (/usr/local/texlive/2025/texmf-dist/tex/latex/psnfss/ot1pcr.fd
File: ot1pcr.fd 2001/06/04 font definitions for OT1/pcr.
)
LaTeX Font Info:    Trying to load font information for T1+pcr on input line 19.
 (/usr/local/texlive/2025/texmf-dist/tex/latex/psnfss/t1pcr.fd
File: t1pcr.fd 2001/06/04 font definitions for T1/pcr.
))
runsystem(rm -f build/kactl.tmp)...executed.

runsystem(python3 content/tex/preprocessor.py -i "content/contest/.bashrc" -o build/kactl.tmp -l sh)...executed.

 (./build/kactl.tmp (/usr/local/texlive/2025/texmf-dist/tex/latex/listings/lstlang1.sty
File: lstlang1.sty 2024/09/23 1.10c listings language file
) (/usr/local/texlive/2025/texmf-dist/tex/latex/listings/lstlang1.sty
File: lstlang1.sty 2024/09/23 1.10c listings language file
)
LaTeX Font Info:    Trying to load font information for OML+cmr on input line 6.
 (/usr/local/texlive/2025/texmf-dist/tex/latex/base/omlcmr.fd
File: omlcmr.fd 2024/11/19 v2.5n Standard LaTeX font definitions
)
LaTeX Font Info:    Font shape `OML/cmr/m/it' in size <7> not available
(Font)              Font shape `OML/cmm/m/it' tried instead on input line 6.
)
runsystem(rm -f build/kactl.tmp)...executed.

runsystem(python3 content/tex/preprocessor.py -i "content/contest/.vimrc" -o build/kactl.tmp -l raw)...executed.

 (./build/kactl.tmp)
runsystem(rm -f build/kactl.tmp)...executed.

runsystem(python3 content/tex/preprocessor.py -i "content/contest/hash.sh" -o build/kactl.tmp -l raw)...executed.

 (./build/kactl.tmp)
runsystem(rm -f build/kactl.tmp)...executed.

runsystem(python3 content/tex/preprocessor.py -i "content/contest/troubleshoot.txt" -o build/kactl.tmp -l raw)...executed.

 (./build/kactl.tmp)) (./content/math/chapter.tex
Chapter 2.
<content/math/sphericalCoordinates.pdf, id=47, 42.67899pt x 42.67899pt>
File: content/math/sphericalCoordinates.pdf Graphic file (type pdf)
<use content/math/sphericalCoordinates.pdf>
Package pdftex.def Info: content/math/sphericalCoordinates.pdf  used on input line 67.
(pdftex.def)             Requested size: 71.13188pt x 71.14337pt.
[1

{/usr/local/texlive/2025/texmf-dist/fonts/enc/dvips/base/8r.enc}]) (./content/data-structures/chapter.tex
Chapter 3.
runsystem(python3 content/tex/preprocessor.py --print-header "|troubleshoot.txt" -o build/header2.tmp)...executed.

(./build/header2.tmp) [2 <./content/math/sphericalCoordinates.pdf>]
runsystem(rm -f build/kactl.tmp)...executed.

runsystem(python3 content/tex/preprocessor.py -i "content/data-structures/OrderStatisticTree.h" -o build/kactl.tmp )...executed.

 (./build/kactl.tmp)
runsystem(rm -f build/kactl.tmp)...executed.

runsystem(python3 content/tex/preprocessor.py -i "content/data-structures/HashMap.h" -o build/kactl.tmp )...executed.

 (./build/kactl.tmp)
runsystem(rm -f build/kactl.tmp)...executed.

runsystem(python3 content/tex/preprocessor.py -i "content/data-structures/Matrix.h" -o build/kactl.tmp )...executed.

 (./build/kactl.tmp
LaTeX Font Info:    Trying to load font information for OMS+pcr on input line 8.
 (/usr/local/texlive/2025/texmf-dist/tex/latex/psnfss/omspcr.fd
File: omspcr.fd 
)
LaTeX Font Info:    Font shape `OMS/pcr/m/n' in size <7> not available
(Font)              Font shape `OMS/cmsy/m/n' tried instead on input line 8.
)
runsystem(rm -f build/kactl.tmp)...executed.

runsystem(python3 content/tex/preprocessor.py -i "content/data-structures/LineContainer.h" -o build/kactl.tmp )...executed.

 (./build/kactl.tmp)
runsystem(rm -f build/kactl.tmp)...executed.

runsystem(python3 content/tex/preprocessor.py -i "content/data-structures/Treap.h" -o build/kactl.tmp )...executed.

 (./build/kactl.tmp)
runsystem(rm -f build/kactl.tmp)...executed.

runsystem(python3 content/tex/preprocessor.py -i "content/data-structures/FenwickTree.h" -o build/kactl.tmp )...executed.

 (./build/kactl.tmp)
runsystem(rm -f build/kactl.tmp)...executed.

runsystem(python3 content/tex/preprocessor.py -i "content/data-structures/FenwickTree2d.h" -o build/kactl.tmp )...executed.

 (./build/kactl.tmp
runsystem(python3 content/tex/preprocessor.py --print-header "FenwickTree.h|FenwickTree2d.h" -o build/header2.tmp)...executed.

 (./build/header2.tmp) [3{/usr/local/texlive/2025/texmf-dist/fonts/enc/dvips/cm-super/cm-super-ts1.enc}])
runsystem(rm -f build/kactl.tmp)...executed.

runsystem(python3 content/tex/preprocessor.py -i "content/data-structures/RMQ.h" -o build/kactl.tmp )...executed.

 (./build/kactl.tmp)
runsystem(rm -f build/kactl.tmp)...executed.

runsystem(python3 content/tex/preprocessor.py -i "content/data-structures/MoQueries.h" -o build/kactl.tmp )...executed.

 (./build/kactl.tmp)) (./content/numerical/chapter.tex
Chapter 4.
runsystem(rm -f build/kactl.tmp)...executed.

runsystem(python3 content/tex/preprocessor.py -i "content/numerical/Polynomial.h" -o build/kactl.tmp )...executed.

(./build/kactl.tmp)
runsystem(rm -f build/kactl.tmp)...executed.

runsystem(python3 content/tex/preprocessor.py -i "content/numerical/PolyRoots.h" -o build/kactl.tmp )...executed.

 (./build/kactl.tmp)
runsystem(rm -f build/kactl.tmp)...executed.

runsystem(python3 content/tex/preprocessor.py -i "content/numerical/PolyInterpolate.h" -o build/kactl.tmp )...executed.

 (./build/kactl.tmp)
runsystem(rm -f build/kactl.tmp)...executed.

runsystem(python3 content/tex/preprocessor.py -i "content/numerical/BerlekampMassey.h" -o build/kactl.tmp )...executed.

 (./build/kactl.tmp
runsystem(python3 content/tex/preprocessor.py --print-header "BerlekampMassey.h|BerlekampMassey.h" -o build/header2.tmp)...executed.

 (./build/header2.tmp) [4])
runsystem(rm -f build/kactl.tmp)...executed.

runsystem(python3 content/tex/preprocessor.py -i "content/numerical/LinearRecurrence.h" -o build/kactl.tmp )...executed.

 (./build/kactl.tmp)
runsystem(rm -f build/kactl.tmp)...executed.

runsystem(python3 content/tex/preprocessor.py -i "content/numerical/GoldenSectionSearch.h" -o build/kactl.tmp )...executed.

 (./build/kactl.tmp)
runsystem(rm -f build/kactl.tmp)...executed.

runsystem(python3 content/tex/preprocessor.py -i "content/numerical/HillClimbing.h" -o build/kactl.tmp )...executed.

 (./build/kactl.tmp)
runsystem(rm -f build/kactl.tmp)...executed.

runsystem(python3 content/tex/preprocessor.py -i "content/numerical/Integrate.h" -o build/kactl.tmp )...executed.

 (./build/kactl.tmp)
runsystem(rm -f build/kactl.tmp)...executed.

runsystem(python3 content/tex/preprocessor.py -i "content/numerical/IntegrateAdaptive.h" -o build/kactl.tmp )...executed.

 (./build/kactl.tmp)
runsystem(rm -f build/kactl.tmp)...executed.

runsystem(python3 content/tex/preprocessor.py -i "content/numerical/Simplex.h" -o build/kactl.tmp )...executed.

 (./build/kactl.tmp)
runsystem(rm -f build/kactl.tmp)...executed.

runsystem(python3 content/tex/preprocessor.py -i "content/numerical/Determinant.h" -o build/kactl.tmp )...executed.

 (./build/kactl.tmp
runsystem(python3 content/tex/preprocessor.py --print-header "|Determinant.h" -o build/header2.tmp)...executed.

 (./build/header2.tmp) [5])
runsystem(rm -f build/kactl.tmp)...executed.

runsystem(python3 content/tex/preprocessor.py -i "content/numerical/IntDeterminant.h" -o build/kactl.tmp )...executed.

 (./build/kactl.tmp)
runsystem(rm -f build/kactl.tmp)...executed.

runsystem(python3 content/tex/preprocessor.py -i "content/numerical/SolveLinear.h" -o build/kactl.tmp )...executed.

 (./build/kactl.tmp)
runsystem(rm -f build/kactl.tmp)...executed.

runsystem(python3 content/tex/preprocessor.py -i "content/numerical/SolveLinear2.h" -o build/kactl.tmp )...executed.

 (./build/kactl.tmp)
runsystem(rm -f build/kactl.tmp)...executed.

runsystem(python3 content/tex/preprocessor.py -i "content/numerical/SolveLinearBinary.h" -o build/kactl.tmp )...executed.

 (./build/kactl.tmp)
runsystem(rm -f build/kactl.tmp)...executed.

runsystem(python3 content/tex/preprocessor.py -i "content/numerical/MatrixInverse.h" -o build/kactl.tmp )...executed.

 (./build/kactl.tmp)
runsystem(rm -f build/kactl.tmp)...executed.

runsystem(python3 content/tex/preprocessor.py -i "content/numerical/Tridiagonal.h" -o build/kactl.tmp )...executed.

 (./build/kactl.tmp
runsystem(python3 content/tex/preprocessor.py --print-header "Tridiagonal.h|Tridiagonal.h" -o build/header2.tmp)...executed.

 (./build/header2.tmp) [6])
runsystem(rm -f build/kactl.tmp)...executed.

runsystem(python3 content/tex/preprocessor.py -i "content/numerical/FastFourierTransform.h" -o build/kactl.tmp )...executed.

 (./build/kactl.tmp
LaTeX Font Info:    Font shape `T1/pcr/m/it' in size <7> not available
(Font)              Font shape `T1/pcr/m/sl' tried instead on input line 18.
)
runsystem(rm -f build/kactl.tmp)...executed.

runsystem(python3 content/tex/preprocessor.py -i "content/numerical/FastFourierTransformMod.h" -o build/kactl.tmp )...executed.

 (./build/kactl.tmp)
runsystem(rm -f build/kactl.tmp)...executed.

runsystem(python3 content/tex/preprocessor.py -i "content/numerical/NumberTheoreticTransform.h" -o build/kactl.tmp )...executed.

 (./build/kactl.tmp)
runsystem(rm -f build/kactl.tmp)...executed.

runsystem(python3 content/tex/preprocessor.py -i "content/numerical/FastSubsetTransform.h" -o build/kactl.tmp )...executed.

 (./build/kactl.tmp)) (./content/number-theory/chapter.tex
Chapter 5.
runsystem(rm -f build/kactl.tmp)...executed.

runsystem(python3 content/tex/preprocessor.py -i "content/number-theory/ModularArithmetic.h" -o build/kactl.tmp )...executed.

(./build/kactl.tmp)
runsystem(rm -f build/kactl.tmp)...executed.

runsystem(python3 content/tex/preprocessor.py -i "content/number-theory/ModInverse.h" -o build/kactl.tmp )...executed.

 (./build/kactl.tmp)
runsystem(python3 content/tex/preprocessor.py --print-header "ModInverse.h|ModInverse.h" -o build/header2.tmp)...executed.

 (./build/header2.tmp) [7]
runsystem(rm -f build/kactl.tmp)...executed.

runsystem(python3 content/tex/preprocessor.py -i "content/number-theory/ModPow.h" -o build/kactl.tmp )...executed.

 (./build/kactl.tmp)
runsystem(rm -f build/kactl.tmp)...executed.

runsystem(python3 content/tex/preprocessor.py -i "content/number-theory/ModLog.h" -o build/kactl.tmp )...executed.

 (./build/kactl.tmp)
runsystem(rm -f build/kactl.tmp)...executed.

runsystem(python3 content/tex/preprocessor.py -i "content/number-theory/ModSum.h" -o build/kactl.tmp )...executed.

 (./build/kactl.tmp)
runsystem(rm -f build/kactl.tmp)...executed.

runsystem(python3 content/tex/preprocessor.py -i "content/number-theory/ModMulLL.h" -o build/kactl.tmp )...executed.

 (./build/kactl.tmp)
runsystem(rm -f build/kactl.tmp)...executed.

runsystem(python3 content/tex/preprocessor.py -i "content/number-theory/ModSqrt.h" -o build/kactl.tmp )...executed.

 (./build/kactl.tmp)
runsystem(rm -f build/kactl.tmp)...executed.

runsystem(python3 content/tex/preprocessor.py -i "content/number-theory/FastEratosthenes.h" -o build/kactl.tmp )...executed.

 (./build/kactl.tmp)
runsystem(rm -f build/kactl.tmp)...executed.

runsystem(python3 content/tex/preprocessor.py -i "content/number-theory/MillerRabin.h" -o build/kactl.tmp )...executed.

 (./build/kactl.tmp)
runsystem(rm -f build/kactl.tmp)...executed.

runsystem(python3 content/tex/preprocessor.py -i "content/number-theory/Factor.h" -o build/kactl.tmp )...executed.

 (./build/kactl.tmp
LaTeX Font Info:    Trying to load font information for OMS+cmr on input line 7.
 (/usr/local/texlive/2025/texmf-dist/tex/latex/base/omscmr.fd
File: omscmr.fd 2024/11/19 v2.5n Standard LaTeX font definitions
)
LaTeX Font Info:    Font shape `OMS/cmr/m/n' in size <7> not available
(Font)              Font shape `OMS/cmsy/m/n' tried instead on input line 7.
)
runsystem(rm -f build/kactl.tmp)...executed.

runsystem(python3 content/tex/preprocessor.py -i "content/number-theory/euclid.h" -o build/kactl.tmp )...executed.

 (./build/kactl.tmp)
runsystem(rm -f build/kactl.tmp)...executed.

runsystem(python3 content/tex/preprocessor.py -i "content/number-theory/CRT.h" -o build/kactl.tmp )...executed.

 (./build/kactl.tmp)
runsystem(python3 content/tex/preprocessor.py --print-header "CRT.h|CRT.h" -o build/header2.tmp)...executed.

 (./build/header2.tmp) [8]
runsystem(rm -f build/kactl.tmp)...executed.

runsystem(python3 content/tex/preprocessor.py -i "content/number-theory/phiFunction.h" -o build/kactl.tmp )...executed.

 (./build/kactl.tmp)
runsystem(rm -f build/kactl.tmp)...executed.

runsystem(python3 content/tex/preprocessor.py -i "content/number-theory/ContinuedFractions.h" -o build/kactl.tmp )...executed.

 (./build/kactl.tmp)
runsystem(rm -f build/kactl.tmp)...executed.

runsystem(python3 content/tex/preprocessor.py -i "content/number-theory/FracBinarySearch.h" -o build/kactl.tmp )...executed.

 (./build/kactl.tmp)) (./content/combinatorial/chapter.tex
Chapter 6.
(./content/combinatorial/factorial.tex)
runsystem(rm -f build/kactl.tmp)...executed.

runsystem(python3 content/tex/preprocessor.py -i "content/combinatorial/IntPerm.h" -o build/kactl.tmp )...executed.

 (./build/kactl.tmp)
runsystem(python3 content/tex/preprocessor.py --print-header "IntPerm.h|IntPerm.h" -o build/header2.tmp)...executed.

 (./build/header2.tmp) [9]
runsystem(rm -f build/kactl.tmp)...executed.

runsystem(python3 content/tex/preprocessor.py -i "content/combinatorial/multinomial.h" -o build/kactl.tmp )...executed.

 (./build/kactl.tmp)) (./content/graph/chapter.tex
Chapter 7.
runsystem(rm -f build/kactl.tmp)...executed.

runsystem(python3 content/tex/preprocessor.py -i "content/graph/BellmanFord.h" -o build/kactl.tmp )...executed.

(./build/kactl.tmp)
runsystem(rm -f build/kactl.tmp)...executed.

runsystem(python3 content/tex/preprocessor.py -i "content/graph/FloydWarshall.h" -o build/kactl.tmp )...executed.

 (./build/kactl.tmp)
runsystem(rm -f build/kactl.tmp)...executed.

runsystem(python3 content/tex/preprocessor.py -i "content/graph/TopoSort.h" -o build/kactl.tmp )...executed.

 (./build/kactl.tmp)
runsystem(rm -f build/kactl.tmp)...executed.

runsystem(python3 content/tex/preprocessor.py -i "content/graph/PushRelabel.h" -o build/kactl.tmp )...executed.

 (./build/kactl.tmp
runsystem(python3 content/tex/preprocessor.py --print-header "TopoSort.h|TopoSort.h" -o build/header2.tmp)...executed.

 (./build/header2.tmp) [10])
runsystem(rm -f build/kactl.tmp)...executed.

runsystem(python3 content/tex/preprocessor.py -i "content/graph/MinCostMaxFlow.h" -o build/kactl.tmp )...executed.

 (./build/kactl.tmp

! Package kactlpkg Error: MinCostMaxFlow.h: Missing command: Author. Missing command: Description. .

See the kactlpkg package documentation for explanation.
Type  H <return>  for immediate help.
 ...                                              
                                                  
l.1 ...nd: Author. Missing command: Description. }
                                                  
? diaob
Type <return> to proceed, S to scroll future error messages,
R to run without stopping, Q to run quietly,
I to insert something, E to edit your file,
1 or ... or 9 to ignore the next 1 to 9 tokens of input,
H for help, X to quit.
? diaob
Type <return> to proceed, S to scroll future error messages,
R to run without stopping, Q to run quietly,
I to insert something, E to edit your file,
1 or ... or 9 to ignore the next 1 to 9 tokens of input,
H for help, X to quit.
? diaob
Type <return> to proceed, S to scroll future error messages,
R to run without stopping, Q to run quietly,
I to insert something, E to edit your file,
1 or ... or 9 to ignore the next 1 to 9 tokens of input,
H for help, X to quit.
? diaob
Type <return> to proceed, S to scroll future error messages,
R to run without stopping, Q to run quietly,
I to insert something, E to edit your file,
1 or ... or 9 to ignore the next 1 to 9 tokens of input,
H for help, X to quit.
? 
)
runsystem(rm -f build/kactl.tmp)...executed.

runsystem(python3 content/tex/preprocessor.py -i "content/graph/EdmondsKarp.h" -o build/kactl.tmp )...executed.

 (./build/kactl.tmp)
runsystem(rm -f build/kactl.tmp)...executed.

runsystem(python3 content/tex/preprocessor.py -i "content/graph/MinCut.h" -o build/kactl.tmp )...executed.

 (./build/kactl.tmp)
runsystem(rm -f build/kactl.tmp)...executed.

runsystem(python3 content/tex/preprocessor.py -i "content/graph/GlobalMinCut.h" -o build/kactl.tmp )...executed.

 (./build/kactl.tmp)
runsystem(rm -f build/kactl.tmp)...executed.

runsystem(python3 content/tex/preprocessor.py -i "content/graph/GomoryHu.h" -o build/kactl.tmp )...executed.

 (./build/kactl.tmp)
runsystem(rm -f build/kactl.tmp)...executed.

runsystem(python3 content/tex/preprocessor.py -i "content/graph/hopcroftKarp.h" -o build/kactl.tmp )...executed.

 (./build/kactl.tmp)
runsystem(rm -f build/kactl.tmp)...executed.

runsystem(python3 content/tex/preprocessor.py -i "content/graph/DFSMatching.h" -o build/kactl.tmp )...executed.

 (./build/kactl.tmp
runsystem(python3 content/tex/preprocessor.py --print-header "hopcroftKarp.h|DFSMatching.h" -o build/header2.tmp)...executed.

 (./build/header2.tmp) [11])
runsystem(rm -f build/kactl.tmp)...executed.

runsystem(python3 content/tex/preprocessor.py -i "content/graph/MinimumVertexCover.h" -o build/kactl.tmp )...executed.

 (./build/kactl.tmp)
runsystem(rm -f build/kactl.tmp)...executed.

runsystem(python3 content/tex/preprocessor.py -i "content/graph/WeightedMatching.h" -o build/kactl.tmp )...executed.

 (./build/kactl.tmp)
runsystem(rm -f build/kactl.tmp)...executed.

runsystem(python3 content/tex/preprocessor.py -i "content/graph/GeneralMatching.h" -o build/kactl.tmp )...executed.

 (./build/kactl.tmp)
runsystem(rm -f build/kactl.tmp)...executed.

runsystem(python3 content/tex/preprocessor.py -i "content/graph/SCC.h" -o build/kactl.tmp )...executed.

 (./build/kactl.tmp)
runsystem(rm -f build/kactl.tmp)...executed.

runsystem(python3 content/tex/preprocessor.py -i "content/graph/BiconnectedComponents.h" -o build/kactl.tmp )...executed.

 (./build/kactl.tmp
runsystem(python3 content/tex/preprocessor.py --print-header "BiconnectedComponents.h|BiconnectedComponents.h" -o build/header2.tmp)...executed.

 (./build/header2.tmp) [12])
runsystem(rm -f build/kactl.tmp)...executed.

runsystem(python3 content/tex/preprocessor.py -i "content/graph/2sat.h" -o build/kactl.tmp )...executed.

 (./build/kactl.tmp)
runsystem(rm -f build/kactl.tmp)...executed.

runsystem(python3 content/tex/preprocessor.py -i "content/graph/EulerWalk.h" -o build/kactl.tmp )...executed.

 (./build/kactl.tmp)
runsystem(rm -f build/kactl.tmp)...executed.

runsystem(python3 content/tex/preprocessor.py -i "content/graph/EdgeColoring.h" -o build/kactl.tmp )...executed.

 (./build/kactl.tmp)
runsystem(rm -f build/kactl.tmp)...executed.

runsystem(python3 content/tex/preprocessor.py -i "content/graph/MaximalCliques.h" -o build/kactl.tmp )...executed.

 (./build/kactl.tmp)
runsystem(rm -f build/kactl.tmp)...executed.

runsystem(python3 content/tex/preprocessor.py -i "content/graph/MaximumClique.h" -o build/kactl.tmp )...executed.

 (./build/kactl.tmp
runsystem(python3 content/tex/preprocessor.py --print-header "MaximumClique.h|MaximumClique.h" -o build/header2.tmp)...executed.

 (./build/header2.tmp) [13])
runsystem(rm -f build/kactl.tmp)...executed.

runsystem(python3 content/tex/preprocessor.py -i "content/graph/MaximumIndependentSet.h" -o build/kactl.tmp )...executed.

 (./build/kactl.tmp)
runsystem(rm -f build/kactl.tmp)...executed.

runsystem(python3 content/tex/preprocessor.py -i "content/graph/CompressTree.h" -o build/kactl.tmp )...executed.

 (./build/kactl.tmp)
runsystem(rm -f build/kactl.tmp)...executed.

runsystem(python3 content/tex/preprocessor.py -i "content/graph/HLD.h" -o build/kactl.tmp )...executed.

 (./build/kactl.tmp)
runsystem(rm -f build/kactl.tmp)...executed.

runsystem(python3 content/tex/preprocessor.py -i "content/graph/LinkCutTree.h" -o build/kactl.tmp )...executed.

 (./build/kactl.tmp
runsystem(python3 content/tex/preprocessor.py --print-header "|LinkCutTree.h" -o build/header2.tmp)...executed.

 (./build/header2.tmp) [14])
runsystem(rm -f build/kactl.tmp)...executed.

runsystem(python3 content/tex/preprocessor.py -i "content/graph/DirectedMST.h" -o build/kactl.tmp )...executed.

 (./build/kactl.tmp)) (./content/geometry/chapter.tex
Chapter 8.
runsystem(rm -f build/kactl.tmp)...executed.

runsystem(python3 content/tex/preprocessor.py -i "content/geometry/Point.h" -o build/kactl.tmp )...executed.

(./build/kactl.tmp)
runsystem(rm -f build/kactl.tmp)...executed.

runsystem(python3 content/tex/preprocessor.py -i "content/geometry/lineDistance.h" -o build/kactl.tmp )...executed.

 (./build/kactl.tmp
<content/geometry/lineDistance.pdf, id=2186, 42.67899pt x 42.67899pt>
File: content/geometry/lineDistance.pdf Graphic file (type pdf)
<use content/geometry/lineDistance.pdf>
Package pdftex.def Info: content/geometry/lineDistance.pdf  used on input line 15.
(pdftex.def)             Requested size: 42.67912pt x 42.68211pt.
)
runsystem(rm -f build/kactl.tmp)...executed.

runsystem(python3 content/tex/preprocessor.py -i "content/geometry/SegmentDistance.h" -o build/kactl.tmp )...executed.

 (./build/kactl.tmp
<content/geometry/SegmentDistance.pdf, id=2187, 42.67899pt x 42.67899pt>
File: content/geometry/SegmentDistance.pdf Graphic file (type pdf)
<use content/geometry/SegmentDistance.pdf>
Package pdftex.def Info: content/geometry/SegmentDistance.pdf  used on input line 14.
(pdftex.def)             Requested size: 42.67912pt x 42.68211pt.
)
runsystem(rm -f build/kactl.tmp)...executed.

runsystem(python3 content/tex/preprocessor.py -i "content/geometry/SegmentIntersection.h" -o build/kactl.tmp )...executed.

 (./build/kactl.tmp
<content/geometry/SegmentIntersection.pdf, id=2188, 42.67899pt x 42.67899pt>
File: content/geometry/SegmentIntersection.pdf Graphic file (type pdf)
<use content/geometry/SegmentIntersection.pdf>
Package pdftex.def Info: content/geometry/SegmentIntersection.pdf  used on input line 18.
(pdftex.def)             Requested size: 42.67912pt x 42.68211pt.
)
runsystem(rm -f build/kactl.tmp)...executed.

runsystem(python3 content/tex/preprocessor.py -i "content/geometry/lineIntersection.h" -o build/kactl.tmp )...executed.

 (./build/kactl.tmp
<content/geometry/lineIntersection.pdf, id=2189, 42.67899pt x 42.67899pt>
File: content/geometry/lineIntersection.pdf Graphic file (type pdf)
<use content/geometry/lineIntersection.pdf>
Package pdftex.def Info: content/geometry/lineIntersection.pdf  used on input line 17.
(pdftex.def)             Requested size: 42.67912pt x 42.68211pt.
runsystem(python3 content/tex/preprocessor.py --print-header "lineIntersection.h|lineIntersection.h" -o build/header2.tmp)...executed.

 (./build/header2.tmp) [15 <./content/geometry/lineDistance.pdf> <./content/geometry/SegmentDistance.pdf> <./content/geometry/SegmentIntersection.pdf> <./content/geometry/lineIntersection.pdf>])
runsystem(rm -f build/kactl.tmp)...executed.

runsystem(python3 content/tex/preprocessor.py -i "content/geometry/sideOf.h" -o build/kactl.tmp )...executed.

 (./build/kactl.tmp)
runsystem(rm -f build/kactl.tmp)...executed.

runsystem(python3 content/tex/preprocessor.py -i "content/geometry/OnSegment.h" -o build/kactl.tmp )...executed.

 (./build/kactl.tmp)
runsystem(rm -f build/kactl.tmp)...executed.

runsystem(python3 content/tex/preprocessor.py -i "content/geometry/linearTransformation.h" -o build/kactl.tmp )...executed.

 (./build/kactl.tmp
<content/geometry/linearTransformation.pdf, id=2457, 42.67899pt x 42.67899pt>
File: content/geometry/linearTransformation.pdf Graphic file (type pdf)
<use content/geometry/linearTransformation.pdf>
Package pdftex.def Info: content/geometry/linearTransformation.pdf  used on input line 13.
(pdftex.def)             Requested size: 42.67912pt x 42.68211pt.
)
runsystem(rm -f build/kactl.tmp)...executed.

runsystem(python3 content/tex/preprocessor.py -i "content/geometry/Angle.h" -o build/kactl.tmp )...executed.

 (./build/kactl.tmp
Underfull \hbox (badness 10000) in paragraph at lines 9--9
\OT1/pcr/m/n/7 // sweeps j such that (j-i) represents the number of positively
 []

)
runsystem(rm -f build/kactl.tmp)...executed.

runsystem(python3 content/tex/preprocessor.py -i "content/geometry/RotatingSweepline.h" -o build/kactl.tmp )...executed.

 (./build/kactl.tmp

! Package kactlpkg Error: RotatingSweepline.h: Missing command: Author. Missing command: Description. .

See the kactlpkg package documentation for explanation.
Type  H <return>  for immediate help.
 ...                                              
                                                  
l.1 ...nd: Author. Missing command: Description. }
                                                  
? 
)
runsystem(rm -f build/kactl.tmp)...executed.

runsystem(python3 content/tex/preprocessor.py -i "content/geometry/CircleIntersection.h" -o build/kactl.tmp )...executed.

 (./build/kactl.tmp)
runsystem(rm -f build/kactl.tmp)...executed.

runsystem(python3 content/tex/preprocessor.py -i "content/geometry/CircleTangents.h" -o build/kactl.tmp )...executed.

 (./build/kactl.tmp)
runsystem(rm -f build/kactl.tmp)...executed.

runsystem(python3 content/tex/preprocessor.py -i "content/geometry/CirclePolygonIntersection.h" -o build/kactl.tmp )...executed.

 (./build/kactl.tmp)
runsystem(rm -f build/kactl.tmp)...executed.

runsystem(python3 content/tex/preprocessor.py -i "content/geometry/circumcircle.h" -o build/kactl.tmp )...executed.

 (./build/kactl.tmp
<content/geometry/circumcircle.pdf, id=2458, 42.67899pt x 42.67899pt>
File: content/geometry/circumcircle.pdf Graphic file (type pdf)
<use content/geometry/circumcircle.pdf>
Package pdftex.def Info: content/geometry/circumcircle.pdf  used on input line 12.
(pdftex.def)             Requested size: 42.67912pt x 42.68211pt.
)
runsystem(rm -f build/kactl.tmp)...executed.

runsystem(python3 content/tex/preprocessor.py -i "content/geometry/MinimumEnclosingCircle.h" -o build/kactl.tmp )...executed.

 (./build/kactl.tmp)
runsystem(python3 content/tex/preprocessor.py --print-header "MinimumEnclosingCircle.h|MinimumEnclosingCircle.h" -o build/header2.tmp)...executed.

 (./build/header2.tmp) [16 <./content/geometry/linearTransformation.pdf> <./content/geometry/circumcircle.pdf>]
runsystem(rm -f build/kactl.tmp)...executed.

runsystem(python3 content/tex/preprocessor.py -i "content/geometry/InsidePolygon.h" -o build/kactl.tmp )...executed.

 (./build/kactl.tmp)
runsystem(rm -f build/kactl.tmp)...executed.

runsystem(python3 content/tex/preprocessor.py -i "content/geometry/PolygonArea.h" -o build/kactl.tmp )...executed.

 (./build/kactl.tmp)
runsystem(rm -f build/kactl.tmp)...executed.

runsystem(python3 content/tex/preprocessor.py -i "content/geometry/PolygonCenter.h" -o build/kactl.tmp )...executed.

 (./build/kactl.tmp)
runsystem(rm -f build/kactl.tmp)...executed.

runsystem(python3 content/tex/preprocessor.py -i "content/geometry/PolygonCut.h" -o build/kactl.tmp )...executed.

 (./build/kactl.tmp
<content/geometry/PolygonCut.pdf, id=2670, 42.67899pt x 42.67899pt>
File: content/geometry/PolygonCut.pdf Graphic file (type pdf)
<use content/geometry/PolygonCut.pdf>
Package pdftex.def Info: content/geometry/PolygonCut.pdf  used on input line 15.
(pdftex.def)             Requested size: 42.67912pt x 42.68211pt.
)
runsystem(rm -f build/kactl.tmp)...executed.

runsystem(python3 content/tex/preprocessor.py -i "content/geometry/ConvexHull.h" -o build/kactl.tmp )...executed.

 (./build/kactl.tmp
<content/geometry/ConvexHull.pdf, id=2671, 42.67899pt x 42.67899pt>
File: content/geometry/ConvexHull.pdf Graphic file (type pdf)
<use content/geometry/ConvexHull.pdf>
Package pdftex.def Info: content/geometry/ConvexHull.pdf  used on input line 14.
(pdftex.def)             Requested size: 42.67912pt x 42.68211pt.
)
runsystem(rm -f build/kactl.tmp)...executed.

runsystem(python3 content/tex/preprocessor.py -i "content/geometry/HullDiameter.h" -o build/kactl.tmp )...executed.

 (./build/kactl.tmp)
runsystem(rm -f build/kactl.tmp)...executed.

runsystem(python3 content/tex/preprocessor.py -i "content/geometry/PointInsideHull.h" -o build/kactl.tmp )...executed.

 (./build/kactl.tmp)
runsystem(rm -f build/kactl.tmp)...executed.

runsystem(python3 content/tex/preprocessor.py -i "content/geometry/LineHullIntersection.h" -o build/kactl.tmp )...executed.

 (./build/kactl.tmp)
runsystem(rm -f build/kactl.tmp)...executed.

runsystem(python3 content/tex/preprocessor.py -i "content/geometry/ClosestPair.h" -o build/kactl.tmp )...executed.

 (./build/kactl.tmp)
runsystem(rm -f build/kactl.tmp)...executed.

runsystem(python3 content/tex/preprocessor.py -i "content/geometry/kdTree.h" -o build/kactl.tmp )...executed.

 (./build/kactl.tmp
runsystem(python3 content/tex/preprocessor.py --print-header "ClosestPair.h|kdTree.h" -o build/header2.tmp)...executed.

 (./build/header2.tmp) [17 <./content/geometry/PolygonCut.pdf> <./content/geometry/ConvexHull.pdf>])
runsystem(rm -f build/kactl.tmp)...executed.

runsystem(python3 content/tex/preprocessor.py -i "content/geometry/FastDelaunay.h" -o build/kactl.tmp )...executed.

 (./build/kactl.tmp)
runsystem(rm -f build/kactl.tmp)...executed.

runsystem(python3 content/tex/preprocessor.py -i "content/geometry/PolyhedronVolume.h" -o build/kactl.tmp )...executed.

 (./build/kactl.tmp)
runsystem(rm -f build/kactl.tmp)...executed.

runsystem(python3 content/tex/preprocessor.py -i "content/geometry/Point3D.h" -o build/kactl.tmp )...executed.

 (./build/kactl.tmp
runsystem(python3 content/tex/preprocessor.py --print-header "Point3D.h|Point3D.h" -o build/header2.tmp)...executed.

 (./build/header2.tmp) [18])
runsystem(rm -f build/kactl.tmp)...executed.

runsystem(python3 content/tex/preprocessor.py -i "content/geometry/3dHull.h" -o build/kactl.tmp )...executed.

 (./build/kactl.tmp)
runsystem(rm -f build/kactl.tmp)...executed.

runsystem(python3 content/tex/preprocessor.py -i "content/geometry/sphericalDistance.h" -o build/kactl.tmp )...executed.

 (./build/kactl.tmp)) (./content/strings/chapter.tex
Chapter 9.
runsystem(rm -f build/kactl.tmp)...executed.

runsystem(python3 content/tex/preprocessor.py -i "content/strings/KMP.h" -o build/kactl.tmp )...executed.

(./build/kactl.tmp)
runsystem(rm -f build/kactl.tmp)...executed.

runsystem(python3 content/tex/preprocessor.py -i "content/strings/Zfunc.h" -o build/kactl.tmp )...executed.

 (./build/kactl.tmp)
runsystem(rm -f build/kactl.tmp)...executed.

runsystem(python3 content/tex/preprocessor.py -i "content/strings/Manacher.h" -o build/kactl.tmp )...executed.

 (./build/kactl.tmp)
runsystem(rm -f build/kactl.tmp)...executed.

runsystem(python3 content/tex/preprocessor.py -i "content/strings/MinRotation.h" -o build/kactl.tmp )...executed.

 (./build/kactl.tmp)
runsystem(rm -f build/kactl.tmp)...executed.

runsystem(python3 content/tex/preprocessor.py -i "content/strings/SuffixArray.h" -o build/kactl.tmp )...executed.

 (./build/kactl.tmp)
runsystem(rm -f build/kactl.tmp)...executed.

runsystem(python3 content/tex/preprocessor.py -i "content/strings/SuffixTree.h" -o build/kactl.tmp )...executed.

 (./build/kactl.tmp
runsystem(python3 content/tex/preprocessor.py --print-header "SuffixTree.h|SuffixTree.h" -o build/header2.tmp)...executed.

 (./build/header2.tmp) [19])
runsystem(rm -f build/kactl.tmp)...executed.

runsystem(python3 content/tex/preprocessor.py -i "content/strings/Hashing.h" -o build/kactl.tmp )...executed.

 (./build/kactl.tmp)
runsystem(rm -f build/kactl.tmp)...executed.

runsystem(python3 content/tex/preprocessor.py -i "content/strings/AhoCorasick.h" -o build/kactl.tmp )...executed.

 (./build/kactl.tmp)) (./content/various/chapter.tex
Chapter 10.
runsystem(rm -f build/kactl.tmp)...executed.

runsystem(python3 content/tex/preprocessor.py -i "content/various/IntervalContainer.h" -o build/kactl.tmp )...executed.

(./build/kactl.tmp)
runsystem(python3 content/tex/preprocessor.py --print-header "IntervalContainer.h|IntervalContainer.h" -o build/header2.tmp)...executed.

 (./build/header2.tmp) [20]
runsystem(rm -f build/kactl.tmp)...executed.

runsystem(python3 content/tex/preprocessor.py -i "content/various/IntervalCover.h" -o build/kactl.tmp )...executed.

 (./build/kactl.tmp)
runsystem(rm -f build/kactl.tmp)...executed.

runsystem(python3 content/tex/preprocessor.py -i "content/various/ConstantIntervals.h" -o build/kactl.tmp )...executed.

 (./build/kactl.tmp
Underfull \hbox (badness 10000) in paragraph at lines 7--7
\OT1/cmr/bx/n/7 Usage: \OT1/pcr/m/n/7 constantIntervals(0, sz(v), [&](int x)\OMS/cmsy/m/n/7 f\OT1/pcr/m/n/7 return v[x];\OMS/cmsy/m/n/7 g\OT1/pcr/m/n/7 ,
 []

)
runsystem(rm -f build/kactl.tmp)...executed.

runsystem(python3 content/tex/preprocessor.py -i "content/various/TernarySearch.h" -o build/kactl.tmp )...executed.

 (./build/kactl.tmp)
runsystem(rm -f build/kactl.tmp)...executed.

runsystem(python3 content/tex/preprocessor.py -i "content/various/LIS.h" -o build/kactl.tmp )...executed.

 (./build/kactl.tmp)
runsystem(rm -f build/kactl.tmp)...executed.

runsystem(python3 content/tex/preprocessor.py -i "content/various/FastKnapsack.h" -o build/kactl.tmp )...executed.

 (./build/kactl.tmp)
runsystem(rm -f build/kactl.tmp)...executed.

runsystem(python3 content/tex/preprocessor.py -i "content/various/KnuthDP.h" -o build/kactl.tmp )...executed.

 (./build/kactl.tmp)
runsystem(rm -f build/kactl.tmp)...executed.

runsystem(python3 content/tex/preprocessor.py -i "content/various/DivideAndConquerDP.h" -o build/kactl.tmp )...executed.

 (./build/kactl.tmp)
runsystem(rm -f build/kactl.tmp)...executed.

runsystem(python3 content/tex/preprocessor.py -i "content/various/FastMod.h" -o build/kactl.tmp )...executed.

 (./build/kactl.tmp
runsystem(python3 content/tex/preprocessor.py --print-header "DivideAndConquerDP.h|FastMod.h" -o build/header2.tmp)...executed.

 (./build/header2.tmp) [21])
runsystem(rm -f build/kactl.tmp)...executed.

runsystem(python3 content/tex/preprocessor.py -i "content/various/FastInput.h" -o build/kactl.tmp )...executed.

 (./build/kactl.tmp)
runsystem(rm -f build/kactl.tmp)...executed.

runsystem(python3 content/tex/preprocessor.py -i "content/various/BumpAllocator.h" -o build/kactl.tmp )...executed.

 (./build/kactl.tmp)
runsystem(rm -f build/kactl.tmp)...executed.

runsystem(python3 content/tex/preprocessor.py -i "content/various/SmallPtr.h" -o build/kactl.tmp )...executed.

 (./build/kactl.tmp)
runsystem(rm -f build/kactl.tmp)...executed.

runsystem(python3 content/tex/preprocessor.py -i "content/various/BumpAllocatorSTL.h" -o build/kactl.tmp )...executed.

 (./build/kactl.tmp)
runsystem(rm -f build/kactl.tmp)...executed.

runsystem(python3 content/tex/preprocessor.py -i "content/various/SIMD.h" -o build/kactl.tmp )...executed.

 (./build/kactl.tmp
LaTeX Font Info:    Font shape `OMS/cmr/m/it' in size <7> not available
(Font)              Font shape `OMS/cmsy/m/n' tried instead on input line 18.
))
runsystem(python3 content/tex/preprocessor.py --print-header "|SIMD.h" -o build/header2.tmp)...executed.

 (./build/header2.tmp) [22] (./content/appendix/chapter.tex
pdfTeX warning (ext4): destination with the same identifier (name{chapter.1}) has been already used, duplicate ignored
<to be read again> 
                   \relax 
l.2 \chapter{Techniques}
                        
Chapter A.
runsystem(rm -f build/kactl.tmp)...executed.

runsystem(python3 content/tex/preprocessor.py -i "content/appendix/techniques.txt" -o build/kactl.tmp -l raw)...executed.

(./build/kactl.tmp
pdfTeX warning (ext4): destination with the same identifier (name{lstlisting.1.1}) has been already used, duplicate ignored
<to be read again> 
                   \relax 
l.3 ...ing}[language=raw,caption={techniques.txt}]
                                                  
pdfTeX warning (ext4): destination with the same identifier (name{lstnumber.1.1.1}) has been already used, duplicate ignored
<to be read again> 
                   \relax 
l.4 Recursion
             
pdfTeX warning (ext4): destination with the same identifier (name{lstnumber.1.1.2}) has been already used, duplicate ignored
<to be read again> 
                   \relax 
l.5 Divide 
           and conquer
pdfTeX warning (ext4): destination with the same identifier (name{lstnumber.1.1.3}) has been already used, duplicate ignored
<to be read again> 
                   \relax 
l.6 	Finding 
             interesting points in N log N
pdfTeX warning (ext4): destination with the same identifier (name{lstnumber.1.1.4}) has been already used, duplicate ignored
<to be read again> 
                   \relax 
l.7 Algorithm 
              analysis
pdfTeX warning (ext4): destination with the same identifier (name{lstnumber.1.1.5}) has been already used, duplicate ignored
<to be read again> 
                   \relax 
l.8 	Master 
            theorem
pdfTeX warning (ext4): destination with the same identifier (name{lstnumber.1.1.6}) has been already used, duplicate ignored
<to be read again> 
                   \relax 
l.9 	Amortized 
               time complexity
pdfTeX warning (ext4): destination with the same identifier (name{lstnumber.1.1.7}) has been already used, duplicate ignored
<to be read again> 
                   \relax 
l.10 Greedy 
            algorithm
pdfTeX warning (ext4): destination with the same identifier (name{lstnumber.1.1.8}) has been already used, duplicate ignored
<to be read again> 
                   \relax 
l.11 	Scheduling
                
pdfTeX warning (ext4): destination with the same identifier (name{lstnumber.1.1.9}) has been already used, duplicate ignored
<to be read again> 
                   \relax 
l.12 	Max 
          contiguous subvector sum
pdfTeX warning (ext4): destination with the same identifier (name{lstnumber.1.1.10}) has been already used, duplicate ignored
<to be read again> 
                   \relax 
l.13 	Invariants
                
pdfTeX warning (ext4): destination with the same identifier (name{lstnumber.1.1.11}) has been already used, duplicate ignored
<to be read again> 
                   \relax 
l.14 	Huffman 
              encoding
pdfTeX warning (ext4): destination with the same identifier (name{lstnumber.1.1.12}) has been already used, duplicate ignored
<to be read again> 
                   \relax 
l.15 Graph 
           theory
pdfTeX warning (ext4): destination with the same identifier (name{lstnumber.1.1.13}) has been already used, duplicate ignored
<to be read again> 
                   \relax 
l.16 	Dynamic 
              graphs (extra book-keeping)
pdfTeX warning (ext4): destination with the same identifier (name{lstnumber.1.1.14}) has been already used, duplicate ignored
<to be read again> 
                   \relax 
l.17 	Breadth 
              first search
pdfTeX warning (ext4): destination with the same identifier (name{lstnumber.1.1.15}) has been already used, duplicate ignored
<to be read again> 
                   \relax 
l.18 	Depth 
            first search
pdfTeX warning (ext4): destination with the same identifier (name{lstnumber.1.1.16}) has been already used, duplicate ignored
<to be read again> 
                   \relax 
l.19 	* 
        Normal trees / DFS trees
pdfTeX warning (ext4): destination with the same identifier (name{lstnumber.1.1.17}) has been already used, duplicate ignored
<to be read again> 
                   \relax 
l.20 	Dijkstra'
               s algorithm
pdfTeX warning (ext4): destination with the same identifier (name{lstnumber.1.1.18}) has been already used, duplicate ignored
<to be read again> 
                   \relax 
l.21 	MST:
           Prim's algorithm
pdfTeX warning (ext4): destination with the same identifier (name{lstnumber.1.1.19}) has been already used, duplicate ignored
<to be read again> 
                   \relax 
l.22 	Bellman-
              Ford
pdfTeX warning (ext4): destination with the same identifier (name{lstnumber.1.1.20}) has been already used, duplicate ignored
<to be read again> 
                   \relax 
l.23 	Konig'
            s theorem and vertex cover
pdfTeX warning (ext4): destination with the same identifier (name{lstnumber.1.1.21}) has been already used, duplicate ignored
<to be read again> 
                   \relax 
l.24 	Min-
          cost max flow
pdfTeX warning (ext4): destination with the same identifier (name{lstnumber.1.1.22}) has been already used, duplicate ignored
<to be read again> 
                   \relax 
l.25 	Lovasz 
             toggle
pdfTeX warning (ext4): destination with the same identifier (name{lstnumber.1.1.23}) has been already used, duplicate ignored
<to be read again> 
                   \relax 
l.26 	Matrix 
             tree theorem
pdfTeX warning (ext4): destination with the same identifier (name{lstnumber.1.1.24}) has been already used, duplicate ignored
<to be read again> 
                   \relax 
l.27 	Maximal 
              matching, general graphs))
runsystem(python3 content/tex/preprocessor.py --print-header "|techniques.txt" -o build/header2.tmp)...executed.

 (./build/header2.tmp) [23]
\tf@ptc=\write5
\openout5 = `kactl.ptc'.

runsystem(rm -f build/header.tmp)...executed.

runsystem(rm -f build/header2.tmp)...executed.

runsystem(rm -f build/kactl.tmp)...executed.

 (build//kactl.aux)
 ***********
LaTeX2e <2024-11-01> patch level 2
L3 programming layer <2025-01-18>
 ***********


Package rerunfilecheck Warning: File `kactl.out' has changed.
(rerunfilecheck)                Rerun to get outlines right
(rerunfilecheck)                or use package `bookmark'.

Package rerunfilecheck Info: Checksums for `kactl.out':
(rerunfilecheck)             Before: 28BB46A435EA4203700738046C20661A;672
(rerunfilecheck)             After:  48F200D2860AEDD3FD93319FD738F5DF;913.
 ) 
Here is how much of TeX's memory you used:
 20737 strings out of 473190
 314872 string characters out of 5715800
 2321810 words of memory out of 5000000
 40212 multiletter control sequences out of 15000+600000
 575154 words of font info for 97 fonts, out of 8000000 for 9000
 1141 hyphenation exceptions out of 8191
 84i,16n,93p,563b,2485s stack positions out of 10000i,1000n,20000p,200000b,200000s
</usr/local/texlive/2025/texmf-dist/fonts/type1/public/amsfonts/cm/cmbx10.pfb></usr/local/texlive/2025/texmf-dist/fonts/type1/public/amsfonts/cm/cmbx12.pfb></usr/local/texlive/2025/texmf-dist/fonts/type1/public/amsfonts/cm/cmbx6.pfb></usr/local/texlive/2025/texmf-dist/fonts/type1/public/amsfonts/cm/cmbx7.pfb></usr/local/texlive/2025/texmf-dist/fonts/type1/public/amsfonts/cm/cmbx9.pfb></usr/local/texlive/2025/texmf-dist/fonts/type1/public/amsfonts/cmextra/cmex7.pfb></usr/local/texlive/2025/texmf-dist/fonts/type1/public/amsfonts/cmextra/cmex8.pfb></usr/local/texlive/2025/texmf-dist/fonts/type1/public/amsfonts/cmextra/cmex9.pfb></usr/local/texlive/2025/texmf-dist/fonts/type1/public/amsfonts/cm/cmmi5.pfb></usr/local/texlive/2025/texmf-dist/fonts/type1/public/amsfonts/cm/cmmi6.pfb></usr/local/texlive/2025/texmf-dist/fonts/type1/public/amsfonts/cm/cmmi7.pfb></usr/local/texlive/2025/texmf-dist/fonts/type1/public/amsfonts/cm/cmmi8.pfb></usr/local/texlive/2025/texmf-dist/fonts/type1/public/amsfonts/cm/cmmi9.pfb></usr/local/texlive/2025/texmf-dist/fonts/type1/public/amsfonts/cm/cmr10.pfb></usr/local/texlive/2025/texmf-dist/fonts/type1/public/amsfonts/cm/cmr12.pfb></usr/local/texlive/2025/texmf-dist/fonts/type1/public/amsfonts/cm/cmr17.pfb></usr/local/texlive/2025/texmf-dist/fonts/type1/public/amsfonts/cm/cmr5.pfb></usr/local/texlive/2025/texmf-dist/fonts/type1/public/amsfonts/cm/cmr6.pfb></usr/local/texlive/2025/texmf-dist/fonts/type1/public/amsfonts/cm/cmr7.pfb></usr/local/texlive/2025/texmf-dist/fonts/type1/public/amsfonts/cm/cmr8.pfb></usr/local/texlive/2025/texmf-dist/fonts/type1/public/amsfonts/cm/cmr9.pfb></usr/local/texlive/2025/texmf-dist/fonts/type1/public/amsfonts/cm/cmsy5.pfb></usr/local/texlive/2025/texmf-dist/fonts/type1/public/amsfonts/cm/cmsy6.pfb></usr/local/texlive/2025/texmf-dist/fonts/type1/public/amsfonts/cm/cmsy7.pfb></usr/local/texlive/2025/texmf-dist/fonts/type1/public/amsfonts/cm/cmsy8.pfb></usr/local/texlive/2025/texmf-dist/fonts/type1/public/amsfonts/cm/cmsy9.pfb></usr/local/texlive/2025/texmf-dist/fonts/type1/public/amsfonts/cm/cmti7.pfb></usr/local/texlive/2025/texmf-dist/fonts/type1/public/amsfonts/cm/cmti9.pfb></usr/local/texlive/2025/texmf-dist/fonts/type1/public/amsfonts/symbols/msbm10.pfb></usr/local/texlive/2025/texmf-dist/fonts/type1/public/amsfonts/symbols/msbm7.pfb></usr/local/texlive/2025/texmf-dist/fonts/type1/public/cm-super/sfrm0700.pfb></usr/local/texlive/2025/texmf-dist/fonts/type1/public/cm-super/sfrm0900.pfb></usr/local/texlive/2025/texmf-dist/fonts/type1/public/cm-super/sfti0700.pfb></usr/local/texlive/2025/texmf-dist/fonts/type1/urw/courier/ucrb8a.pfb></usr/local/texlive/2025/texmf-dist/fonts/type1/urw/courier/ucrr8a.pfb></usr/local/texlive/2025/texmf-dist/fonts/type1/urw/courier/ucrro8a.pfb>
Output written on build//kactl.pdf (24 pages, 2390515 bytes).
PDF statistics:
 4589 PDF objects out of 5155 (max. 8388607)
 4284 compressed objects within 43 object streams
 3182 named destinations out of 3580 (max. 500000)
 107 words of extra memory for PDF output out of 10000 (max. 10000000)

